<?xml version="1.0" encoding="UTF-8"?>
<!-- Generated by org.testng.reporters.JUnitReportReporter -->
<testsuite hostname="USER-PC" failures="0" tests="5" name="testCase.Setting_tc" time="28.547" errors="0" timestamp="2022-11-05T18:42:04 IST" skipped="0">
  <testcase classname="testCase.Setting_tc" name="OrganizationRegister" time="6.264"/>
  <system-out/>
  <testcase classname="testCase.Setting_tc" name="JobCategoryRegister" time="5.675"/>
  <system-out/>
  <testcase classname="testCase.Setting_tc" name="Skills" time="4.830"/>
  <system-out/>
  <testcase classname="testCase.Setting_tc" name="QuestionsBank" time="8.481"/>
  <system-out/>
  <testcase classname="testCase.Setting_tc" name="Users" time="3.297"/>
  <system-out/>
</testsuite> <!-- testCase.Setting_tc -->
