<?xml version="1.0" encoding="UTF-8"?>
<!-- Generated by org.testng.reporters.JUnitReportReporter -->
<testsuite hostname="USER-PC" failures="0" tests="1" name="testCase.Login_tc" time="5.685" errors="0" timestamp="2023-01-04T09:02:14 IST" skipped="0">
  <testcase classname="testCase.Login_tc" name="loginPage" time="5.685"/>
  <system-out/>
</testsuite> <!-- testCase.Login_tc -->
