<?xml version="1.0" encoding="UTF-8"?>
<!-- Generated by org.testng.reporters.JUnitReportReporter -->
<testsuite hostname="USER-PC" failures="0" tests="1" name="testCase.Candidate_tc" time="0.000" errors="0" timestamp="2023-01-28T21:29:40 IST" skipped="1">
  <testcase classname="testCase.Candidate_tc" name="registercandidate" time="0.000">
    <skipped/>
  </testcase> <!-- registercandidate -->
  <system-out/>
</testsuite> <!-- testCase.Candidate_tc -->
