<?xml version="1.0" encoding="UTF-8"?>
<!-- Generated by org.testng.reporters.JUnitReportReporter -->
<testsuite hostname="USER-PC" failures="0" tests="1" name="testCase.Login_tc" time="0.736" errors="0" timestamp="2022-11-05T18:42:04 IST" skipped="0">
  <testcase classname="testCase.Login_tc" name="loginPage" time="0.736"/>
  <system-out/>
</testsuite> <!-- testCase.Login_tc -->
