<?xml version="1.0" encoding="UTF-8"?>
<!-- Generated by org.testng.reporters.JUnitReportReporter -->
<testsuite hostname="USER-PC" failures="0" tests="1" name="testCase.Login_tc" time="1.319" errors="0" timestamp="2022-11-13T21:15:39 IST" skipped="0">
  <testcase classname="testCase.Login_tc" name="loginPage" time="1.319"/>
  <system-out/>
</testsuite> <!-- testCase.Login_tc -->
