<?xml version="1.0" encoding="UTF-8"?>
<!-- Generated by org.testng.reporters.JUnitReportReporter -->
<testsuite hostname="USER-PC" failures="0" tests="5" name="testCase.Setting_tc" time="29.328" errors="0" timestamp="2022-11-06T19:00:59 IST" skipped="0">
  <testcase classname="testCase.Setting_tc" name="OrganizationRegister" time="6.227"/>
  <system-out/>
  <testcase classname="testCase.Setting_tc" name="JobCategoryRegister" time="5.332"/>
  <system-out/>
  <testcase classname="testCase.Setting_tc" name="Skills" time="4.978"/>
  <system-out/>
  <testcase classname="testCase.Setting_tc" name="QuestionsBank" time="8.531"/>
  <system-out/>
  <testcase classname="testCase.Setting_tc" name="Users" time="4.260"/>
  <system-out/>
</testsuite> <!-- testCase.Setting_tc -->
