<?xml version="1.0" encoding="UTF-8"?>
<!-- Generated by org.testng.reporters.JUnitReportReporter -->
<testsuite hostname="USER-PC" failures="0" tests="1" name="testCase.job_tc" time="55.119" errors="0" timestamp="2022-11-05T18:42:04 IST" skipped="0">
  <testcase classname="testCase.job_tc" name="registerjob" time="55.119"/>
  <system-out/>
</testsuite> <!-- testCase.job_tc -->
