<?xml version="1.0" encoding="UTF-8"?>
<!-- Generated by org.testng.reporters.JUnitReportReporter -->
<testsuite hostname="USER-PC" failures="0" tests="5" name="testCase.Setting_tc" time="29.906" errors="0" timestamp="2023-01-04T09:02:14 IST" skipped="0">
  <testcase classname="testCase.Setting_tc" name="OrganizationRegister" time="6.545"/>
  <system-out/>
  <testcase classname="testCase.Setting_tc" name="JobCategoryRegister" time="5.424"/>
  <system-out/>
  <testcase classname="testCase.Setting_tc" name="Skills" time="4.855"/>
  <system-out/>
  <testcase classname="testCase.Setting_tc" name="QuestionsBank" time="8.791"/>
  <system-out/>
  <testcase classname="testCase.Setting_tc" name="Users" time="4.291"/>
  <system-out/>
</testsuite> <!-- testCase.Setting_tc -->
